2026-01-15T00:21:10.209+0700	INFO	middleware/logging.go:23	Activity route	{"Method": "GET", "URL": "/api/movies", "Duration": "6.7153ms"}
2026-01-15T00:21:32.470+0700	INFO	middleware/logging.go:23	Activity route	{"Method": "GET", "URL": "/api/movies/1", "Duration": "505.4µs"}
2026-01-15T00:21:43.265+0700	INFO	middleware/logging.go:23	Activity route	{"Method": "GET", "URL": "/api/cinemas", "Duration": "2.2449ms"}
2026-01-15T00:22:00.103+0700	INFO	middleware/logging.go:23	Activity route	{"Method": "GET", "URL": "/api/cinemas/1/showtimes", "Duration": "4.5033ms"}
2026-01-15T00:22:10.957+0700	INFO	middleware/logging.go:23	Activity route	{"Method": "GET", "URL": "/api/cinemas/1/seats?date=2026-01-14&time=10:00:00", "Duration": "8.8368ms"}
2026-01-15T00:22:17.303+0700	INFO	middleware/logging.go:23	Activity route	{"Method": "GET", "URL": "/api/cinemas/1/seats?date=2026-01-15&time=10:00:00", "Duration": "642.3µs"}
2026-01-15T00:22:23.721+0700	INFO	middleware/logging.go:23	Activity route	{"Method": "GET", "URL": "/api/cinemas/1/showtimes", "Duration": "4.6568ms"}
2026-01-15T00:23:59.344+0700	INFO	middleware/logging.go:23	Activity route	{"Method": "GET", "URL": "/api/cinemas/1/showtimes", "Duration": "964µs"}
2026-01-15T00:24:14.411+0700	INFO	middleware/logging.go:23	Activity route	{"Method": "GET", "URL": "/api/cinemas/1/seats?date=2026-01-15&time=10:00:00", "Duration": "505µs"}
2026-01-15T00:24:20.405+0700	INFO	middleware/logging.go:23	Activity route	{"Method": "GET", "URL": "/api/cinemas/1/seats?date=2026-01-15&time=", "Duration": "0s"}
2026-01-15T00:24:29.982+0700	INFO	middleware/logging.go:23	Activity route	{"Method": "GET", "URL": "/api/cinemas/1/seats?date=2026-01-15&time=14:00:00", "Duration": "504.1µs"}
2026-01-15T00:24:52.165+0700	INFO	middleware/logging.go:23	Activity route	{"Method": "GET", "URL": "/api/cinemas/1/seats?date=2026-01-16&time=17:30:00", "Duration": "503.5µs"}
2026-01-15T00:24:53.155+0700	INFO	middleware/logging.go:23	Activity route	{"Method": "GET", "URL": "/api/cinemas/1/seats?date=2026-01-16&time=17:30:00", "Duration": "503.5µs"}
2026-01-15T00:24:53.567+0700	INFO	middleware/logging.go:23	Activity route	{"Method": "GET", "URL": "/api/cinemas/1/seats?date=2026-01-16&time=17:30:00", "Duration": "0s"}
2026-01-15T00:24:53.923+0700	INFO	middleware/logging.go:23	Activity route	{"Method": "GET", "URL": "/api/cinemas/1/seats?date=2026-01-16&time=17:30:00", "Duration": "507.2µs"}
2026-01-15T00:24:54.253+0700	INFO	middleware/logging.go:23	Activity route	{"Method": "GET", "URL": "/api/cinemas/1/seats?date=2026-01-16&time=17:30:00", "Duration": "0s"}
2026-01-15T00:24:55.790+0700	INFO	middleware/logging.go:23	Activity route	{"Method": "GET", "URL": "/api/cinemas/1/seats?date=2026-01-16&time=17:30:00", "Duration": "1.5091ms"}
2026-01-15T00:25:08.419+0700	INFO	middleware/logging.go:23	Activity route	{"Method": "GET", "URL": "/api/cinemas/1/seats?date=2026-01-15&time=17:30:00", "Duration": "6.41ms"}
2026-01-15T00:25:45.314+0700	INFO	middleware/logging.go:23	Activity route	{"Method": "POST", "URL": "/api/booking", "Duration": "0s"}
2026-01-15T00:25:58.450+0700	INFO	middleware/logging.go:23	Activity route	{"Method": "POST", "URL": "/api/booking", "Duration": "11.2732ms"}
2026-01-15T00:26:36.221+0700	INFO	middleware/logging.go:23	Activity route	{"Method": "GET", "URL": "/api/cinemas/1/seats?date=2026-01-15&time=17:30:00", "Duration": "1.2076ms"}
2026-01-15T00:30:16.570+0700	INFO	middleware/logging.go:23	Activity route	{"Method": "POST", "URL": "/api/booking", "Duration": "1.1816ms"}
2026-01-15T00:31:28.146+0700	INFO	middleware/logging.go:23	Activity route	{"Method": "GET", "URL": "/api/user/bookings", "Duration": "8.0033ms"}
2026-01-15T00:32:15.037+0700	INFO	middleware/logging.go:23	Activity route	{"Method": "POST", "URL": "/api/pay", "Duration": "503.4µs"}
2026-01-15T00:32:24.542+0700	INFO	middleware/logging.go:23	Activity route	{"Method": "POST", "URL": "/api/pay", "Duration": "5.1724ms"}
2026-01-15T00:32:40.501+0700	INFO	middleware/logging.go:23	Activity route	{"Method": "POST", "URL": "/api/pay", "Duration": "1.1308ms"}
2026-01-15T00:35:26.210+0700	INFO	middleware/logging.go:23	Activity route	{"Method": "POST", "URL": "/api/pay", "Duration": "15.9657ms"}
2026-01-15T00:35:39.284+0700	INFO	middleware/logging.go:23	Activity route	{"Method": "GET", "URL": "/api/user/bookings", "Duration": "9.1729ms"}
2026-01-15T00:36:32.624+0700	INFO	middleware/logging.go:23	Activity route	{"Method": "GET", "URL": "/api/movies", "Duration": "4.4032ms"}
