2026-01-14T12:29:45.801+0700	INFO	middleware/logging.go:23	Activity route	{"Method": "GET", "URL": "/", "Duration": "0s"}
2026-01-14T12:29:45.884+0700	INFO	middleware/logging.go:23	Activity route	{"Method": "GET", "URL": "/favicon.ico", "Duration": "0s"}
2026-01-14T21:03:30.892+0700	INFO	middleware/logging.go:23	Activity route	{"Method": "POST", "URL": "/api/register", "Duration": "0s"}
2026-01-14T21:05:18.237+0700	INFO	middleware/logging.go:23	Activity route	{"Method": "GET", "URL": "/api/login", "Duration": "0s"}
2026-01-14T21:05:55.781+0700	INFO	middleware/logging.go:23	Activity route	{"Method": "GET", "URL": "/api/login", "Duration": "0s"}
2026-01-14T21:07:09.541+0700	INFO	middleware/logging.go:23	Activity route	{"Method": "GET", "URL": "/api/login", "Duration": "0s"}
2026-01-14T21:07:11.146+0700	INFO	middleware/logging.go:23	Activity route	{"Method": "GET", "URL": "/api/login", "Duration": "0s"}
2026-01-14T21:07:12.144+0700	INFO	middleware/logging.go:23	Activity route	{"Method": "GET", "URL": "/api/login", "Duration": "0s"}
2026-01-14T21:07:31.338+0700	INFO	middleware/logging.go:23	Activity route	{"Method": "GET", "URL": "/api/login", "Duration": "0s"}
2026-01-14T21:07:55.562+0700	INFO	middleware/logging.go:23	Activity route	{"Method": "GET", "URL": "/api/login", "Duration": "0s"}
2026-01-14T21:07:56.301+0700	INFO	middleware/logging.go:23	Activity route	{"Method": "GET", "URL": "/api/login", "Duration": "0s"}
2026-01-14T21:09:57.244+0700	INFO	middleware/logging.go:23	Activity route	{"Method": "GET", "URL": "/api/login", "Duration": "0s"}
2026-01-14T21:09:58.387+0700	INFO	middleware/logging.go:23	Activity route	{"Method": "GET", "URL": "/api/login", "Duration": "0s"}
2026-01-14T21:15:03.507+0700	INFO	middleware/logging.go:23	Activity route	{"Method": "GET", "URL": "/api/login", "Duration": "0s"}
2026-01-14T21:15:10.372+0700	INFO	middleware/logging.go:23	Activity route	{"Method": "GET", "URL": "/api/login", "Duration": "0s"}
2026-01-14T21:15:11.238+0700	INFO	middleware/logging.go:23	Activity route	{"Method": "GET", "URL": "/api/login", "Duration": "0s"}
2026-01-14T21:15:23.026+0700	INFO	middleware/logging.go:23	Activity route	{"Method": "GET", "URL": "/api/login", "Duration": "0s"}
2026-01-14T21:15:29.002+0700	INFO	middleware/logging.go:23	Activity route	{"Method": "GET", "URL": "/api/login", "Duration": "0s"}
2026-01-14T21:15:29.699+0700	INFO	middleware/logging.go:23	Activity route	{"Method": "GET", "URL": "/api/login", "Duration": "0s"}
2026-01-14T21:15:30.101+0700	INFO	middleware/logging.go:23	Activity route	{"Method": "GET", "URL": "/api/login", "Duration": "0s"}
2026-01-14T21:16:27.608+0700	INFO	middleware/logging.go:23	Activity route	{"Method": "POST", "URL": "/api/login", "Duration": "100.2359ms"}
2026-01-14T21:19:25.899+0700	INFO	middleware/logging.go:23	Activity route	{"Method": "POST", "URL": "/api/register", "Duration": "89.4413ms"}
2026-01-14T21:21:13.776+0700	INFO	middleware/logging.go:23	Activity route	{"Method": "POST", "URL": "/api/logout", "Duration": "0s"}
2026-01-14T21:21:30.246+0700	INFO	middleware/logging.go:23	Activity route	{"Method": "POST", "URL": "/api/logout", "Duration": "5.0127ms"}
2026-01-14T21:21:59.203+0700	INFO	middleware/logging.go:23	Activity route	{"Method": "POST", "URL": "/api/logout", "Duration": "536.4µs"}
2026-01-14T21:22:03.264+0700	INFO	middleware/logging.go:23	Activity route	{"Method": "POST", "URL": "/api/login", "Duration": "86.37ms"}
2026-01-14T21:22:13.928+0700	INFO	middleware/logging.go:23	Activity route	{"Method": "POST", "URL": "/api/logout", "Duration": "504.5µs"}
2026-01-14T21:22:15.431+0700	INFO	middleware/logging.go:23	Activity route	{"Method": "POST", "URL": "/api/logout", "Duration": "506.1µs"}
2026-01-14T21:24:36.661+0700	INFO	middleware/logging.go:23	Activity route	{"Method": "POST", "URL": "/api/logout", "Duration": "504.3µs"}
2026-01-14T21:24:55.066+0700	INFO	middleware/logging.go:23	Activity route	{"Method": "POST", "URL": "/api/logout", "Duration": "10.6084ms"}
2026-01-14T21:25:44.141+0700	INFO	middleware/logging.go:23	Activity route	{"Method": "GET", "URL": "/api/cinemas", "Duration": "3.1555ms"}
2026-01-14T21:26:23.777+0700	INFO	middleware/logging.go:23	Activity route	{"Method": "GET", "URL": "/api/cinemas/1", "Duration": "5.3347ms"}
2026-01-14T21:26:27.582+0700	INFO	middleware/logging.go:23	Activity route	{"Method": "GET", "URL": "/api/cinemas", "Duration": "1.0333ms"}
2026-01-14T21:27:51.768+0700	INFO	middleware/logging.go:23	Activity route	{"Method": "GET", "URL": "/api/cinemas/1/seats", "Duration": "0s"}
2026-01-14T21:28:55.209+0700	INFO	middleware/logging.go:23	Activity route	{"Method": "GET", "URL": "/api/cinemas/2/seats", "Duration": "0s"}
2026-01-14T21:29:00.629+0700	INFO	middleware/logging.go:23	Activity route	{"Method": "GET", "URL": "/api/cinemas/4/seats", "Duration": "0s"}
2026-01-14T21:33:54.503+0700	INFO	middleware/logging.go:23	Activity route	{"Method": "GET", "URL": "/api/cinemas/1/seats?date=2026-01-15&time=19:00", "Duration": "4.6686ms"}
2026-01-14T21:34:09.427+0700	INFO	middleware/logging.go:23	Activity route	{"Method": "GET", "URL": "/api/cinemas/1/seats?date=2026-01-15&time=", "Duration": "0s"}
2026-01-14T21:34:39.438+0700	INFO	middleware/logging.go:23	Activity route	{"Method": "GET", "URL": "/api/cinemas/1/seats?date=2026-01-15&time=14:00", "Duration": "503.4µs"}
2026-01-14T21:35:10.151+0700	INFO	middleware/logging.go:23	Activity route	{"Method": "GET", "URL": "/api/cinemas/1", "Duration": "506.7µs"}
2026-01-14T21:35:55.752+0700	INFO	middleware/logging.go:23	Activity route	{"Method": "GET", "URL": "/api/cinemas/1/seats?date=2026-01-15&time=13:00", "Duration": "545.4µs"}
2026-01-14T21:37:20.508+0700	INFO	middleware/logging.go:23	Activity route	{"Method": "GET", "URL": "/api/cinemas/1/seats?date=2026-01-15&time=13:00:00", "Duration": "2.825ms"}
2026-01-14T21:37:39.722+0700	INFO	middleware/logging.go:23	Activity route	{"Method": "GET", "URL": "/api/cinemas/1/seats?date=2026-01-14&time=10:00:00", "Duration": "2.4878ms"}
2026-01-14T21:37:40.967+0700	INFO	middleware/logging.go:23	Activity route	{"Method": "GET", "URL": "/api/cinemas/1/seats?date=2026-01-14&time=10:00:00", "Duration": "700.4µs"}
2026-01-14T21:37:41.629+0700	INFO	middleware/logging.go:23	Activity route	{"Method": "GET", "URL": "/api/cinemas/1/seats?date=2026-01-14&time=10:00:00", "Duration": "580.5µs"}
2026-01-14T21:37:42.018+0700	INFO	middleware/logging.go:23	Activity route	{"Method": "GET", "URL": "/api/cinemas/1/seats?date=2026-01-14&time=10:00:00", "Duration": "505.3µs"}
2026-01-14T21:37:42.708+0700	INFO	middleware/logging.go:23	Activity route	{"Method": "GET", "URL": "/api/cinemas/1/seats?date=2026-01-14&time=10:00:00", "Duration": "1.2251ms"}
2026-01-14T21:38:19.785+0700	INFO	middleware/logging.go:23	Activity route	{"Method": "GET", "URL": "/api/cinemas/1/seats?date=2026-01-15&time=10:00:00", "Duration": "1.0252ms"}
2026-01-14T21:38:31.331+0700	INFO	middleware/logging.go:23	Activity route	{"Method": "GET", "URL": "/api/cinemas/1/seats?date=2026-01-15&time=12:00:00", "Duration": "616.5µs"}
2026-01-14T21:38:39.236+0700	INFO	middleware/logging.go:23	Activity route	{"Method": "GET", "URL": "/api/cinemas/2/seats?date=2026-01-15&time=12:00:00", "Duration": "503.9µs"}
2026-01-14T21:38:44.481+0700	INFO	middleware/logging.go:23	Activity route	{"Method": "GET", "URL": "/api/cinemas/1/seats?date=2026-01-15&time=12:00:00", "Duration": "0s"}
2026-01-14T21:42:05.029+0700	INFO	middleware/logging.go:23	Activity route	{"Method": "GET", "URL": "/api/cinemas/1/showtimes", "Duration": "0s"}
2026-01-14T21:42:26.173+0700	INFO	middleware/logging.go:23	Activity route	{"Method": "GET", "URL": "/api/cinemas/1/showtimes", "Duration": "6.0807ms"}
2026-01-14T21:42:37.193+0700	INFO	middleware/logging.go:23	Activity route	{"Method": "GET", "URL": "/api/cinemas/1/showtimes", "Duration": "520µs"}
2026-01-14T21:43:10.817+0700	INFO	middleware/logging.go:23	Activity route	{"Method": "GET", "URL": "/api/cinemas/1/showtimes", "Duration": "1.0287ms"}
2026-01-14T21:49:50.074+0700	INFO	middleware/logging.go:23	Activity route	{"Method": "GET", "URL": "/api/cinemas/1/showtimes", "Duration": "3.7923ms"}
